<!DOCTYPE html PUBLIC "-//W3C//DTD XHTML 1.1//EN" "https://www.w3.org/TR/xhtml11/DTD/xhtml11.dtd">
<html xmlns="https://www.w3.org/1999/xhtml">
<head>
<meta http-equiv="content-type" content="text/html; charset=UTF-8"/>
<title>TestNG Report</title>
<style type="text/css">table {margin-bottom:10px;border-collapse:collapse;empty-cells:show}th,td {border:1px solid #009;padding:.25em .5em}th {vertical-align:bottom}td {vertical-align:top}table a {font-weight:bold}.stripe td {background-color: #E6EBF9}.num {text-align:right}.passedodd td {background-color: #3F3}.passedeven td {background-color: #0A0}.skippedodd td {background-color: #DDD}.skippedeven td {background-color: #CCC}.failedodd td,.attn {background-color: #F33}.failedeven td,.stripe .attn {background-color: #D00}.stacktrace {white-space:pre;font-family:monospace}.totop {font-size:85%;text-align:center;border-bottom:2px solid #000}.invisible {display:none}</style>
</head>
<body>
<table>
<tr><th>Test</th><th># Passed</th><th># Skipped</th><th># Retried</th><th># Failed</th><th>Time (ms)</th><th>Included Groups</th><th>Excluded Groups</th></tr>
<tr><th colspan="8">Suite</th></tr>
<tr><td><a href="#t0">logintest1</a></td><td class="num">0</td><td class="num attn">2</td><td class="num">0</td><td class="num attn">1</td><td class="num">43,502</td><td></td><td></td></tr>
<tr class="stripe"><td><a href="#t1">loginTest2</a></td><td class="num">0</td><td class="num attn">2</td><td class="num">0</td><td class="num attn">1</td><td class="num">9,257</td><td></td><td></td></tr>
<tr><th colspan="8">Suite (0)</th></tr>
<tr><td><a href="#t2">loginTest3</a></td><td class="num">0</td><td class="num attn">2</td><td class="num">0</td><td class="num attn">1</td><td class="num">21,733</td><td></td><td></td></tr>
<tr><th colspan="8">SuiteCombined</th></tr>
<tr><th>Total</th><th class="num">0</th><th class="num attn">6</th><th class="num">0</th><th class="num attn">3</th><th class="num">74,492</th><th colspan="2"></th></tr>
</table>
<table id='summary'><thead><tr><th>Class</th><th>Method</th><th>Start</th><th>Time (ms)</th></tr></thead><tbody><tr><th colspan="4">Suite</th></tr></tbody><tbody id="t0"><tr><th colspan="4">logintest1 &#8212; failed</th></tr><tr class="failedeven"><td rowspan="1">com.zoho.suitea.LoginTest1</td><td><a href="#m0">loginTest</a></td><td rowspan="1">1678888778909</td><td rowspan="1">38667</td></tr><tr><th colspan="4">logintest1 &#8212; skipped</th></tr><tr class="skippedeven"><td rowspan="2">com.zoho.suitea.LoginTest1</td><td><a href="#m1">loginTest</a></td><td rowspan="2">1678888818917</td><td rowspan="2">6</td></tr><tr class="skippedeven"><td><a href="#m2">loginTest</a></td></tr></tbody>
<tbody id="t1"><tr><th colspan="4">loginTest2 &#8212; failed</th></tr><tr class="failedeven"><td rowspan="1">com.zoho.suitea.LoginTest2</td><td><a href="#m3">loginTest</a></td><td rowspan="1">1678888819137</td><td rowspan="1">8938</td></tr><tr><th colspan="4">loginTest2 &#8212; skipped</th></tr><tr class="skippedeven"><td rowspan="2">com.zoho.suitea.LoginTest2</td><td><a href="#m4">loginTest</a></td><td rowspan="2">1678888828321</td><td rowspan="2">13</td></tr><tr class="skippedeven"><td><a href="#m5">loginTest</a></td></tr></tbody>
<tbody><tr><th colspan="4">Suite (0)</th></tr></tbody><tbody id="t2"><tr><th colspan="4">loginTest3 &#8212; failed</th></tr><tr class="failedeven"><td rowspan="1">com.zoho.suiteb.LoginTest3</td><td><a href="#m6">loginTest</a></td><td rowspan="1">1678888828490</td><td rowspan="1">21555</td></tr><tr><th colspan="4">loginTest3 &#8212; skipped</th></tr><tr class="skippedeven"><td rowspan="2">com.zoho.suiteb.LoginTest3</td><td><a href="#m7">loginTest</a></td><td rowspan="2">1678888850114</td><td rowspan="2">13</td></tr><tr class="skippedeven"><td><a href="#m8">loginTest</a></td></tr></tbody>
<tbody><tr><th colspan="4">SuiteCombined</th></tr></tbody></table>
<h2>logintest1</h2><h3 id="m0">com.zoho.suitea.LoginTest1#loginTest</h3><table class="result"><tr class="param"><th>Parameter #1</th></tr><tr class="param stripe"><td>{PasswordNameValid=Y, RunMode=Y, Password=Ishu@284128, UserName=bloggerdelhi123@gmail.com, UserNameValid=Y, Browser=chrome}</td></tr><tr><th>Exception</th></tr><tr><td><div class="stacktrace">org.openqa.selenium.remote.http.ConnectionFailedException: Unable to establish websocket connection to http://localhost:49153/devtools/browser/40646770-5a87-4f5f-8284-2b838a7f8df8
Build info: version: &apos;4.0.0-alpha-5&apos;, revision: &apos;b3a0d621cc&apos;
System info: host: &apos;DESKTOP-HMKMG6M&apos;, ip: &apos;192.168.29.183&apos;, os.name: &apos;Windows 10&apos;, os.arch: &apos;amd64&apos;, os.version: &apos;10.0&apos;, java.version: &apos;17.0.3&apos;
Driver info: driver.version: ZohoDriver
	at org.openqa.selenium.remote.http.netty.NettyWebSocket.&lt;init&gt;(NettyWebSocket.java:89)
	at org.openqa.selenium.remote.http.netty.NettyWebSocket.lambda$create$3(NettyWebSocket.java:117)
	at org.openqa.selenium.remote.http.netty.NettyClient.openSocket(NettyClient.java:55)
	at org.openqa.selenium.devtools.Connection.&lt;init&gt;(Connection.java:61)
	at org.openqa.selenium.chromium.ChromiumDevToolsLocator.getChromeConnector(ChromiumDevToolsLocator.java:80)
	at org.openqa.selenium.chromium.ChromiumDriver.&lt;init&gt;(ChromiumDriver.java:82)
	at org.openqa.selenium.chrome.ChromeDriver.&lt;init&gt;(ChromeDriver.java:163)
	at org.openqa.selenium.chrome.ChromeDriver.&lt;init&gt;(ChromeDriver.java:150)
	at org.openqa.selenium.chrome.ChromeDriver.&lt;init&gt;(ChromeDriver.java:139)
	at com.zoho.web.ZohoDriver.OpenBrowser(ZohoDriver.java:54)
	at com.zoho.pages.normal.LaunchPage.OpenBrowser(LaunchPage.java:14)
	at com.zoho.suitea.LoginTest1.loginTest(LoginTest1.java:45)
	at java.base/java.util.ArrayList.forEach(ArrayList.java:1511)
... Removed 28 stack frames</div></td></tr></table><p class="totop"><a href="#summary">back to summary</a></p>
<h3 id="m1">com.zoho.suitea.LoginTest1#loginTest</h3><table class="result"><tr class="param"><th>Parameter #1</th></tr><tr class="param stripe"><td>{PasswordNameValid=N, RunMode=N, Password=xxxxx, UserName=bloggerdelhi123@gmail.com, UserNameValid=Y, Browser=chrome}</td></tr><tr><th>Exception</th></tr><tr><td><div class="stacktrace">org.testng.SkipException: skipping this test case in TestNG as RunMode is mentioned as - NO
	at com.zoho.suitea.LoginTest1.loginTest(LoginTest1.java:33)
	at java.base/java.util.ArrayList.forEach(ArrayList.java:1511)
... Removed 28 stack frames</div></td></tr></table><p class="totop"><a href="#summary">back to summary</a></p>
<h3 id="m2">com.zoho.suitea.LoginTest1#loginTest</h3><table class="result"><tr class="param"><th>Parameter #1</th></tr><tr class="param stripe"><td>{PasswordNameValid=, RunMode=N, Password=, UserName=xxxxxxx, UserNameValid=N, Browser=chrome}</td></tr><tr><th>Exception</th></tr><tr><td><div class="stacktrace">org.testng.SkipException: skipping this test case in TestNG as RunMode is mentioned as - NO
	at com.zoho.suitea.LoginTest1.loginTest(LoginTest1.java:33)
	at java.base/java.util.ArrayList.forEach(ArrayList.java:1511)
... Removed 28 stack frames</div></td></tr></table><p class="totop"><a href="#summary">back to summary</a></p>
<h2>loginTest2</h2><h3 id="m3">com.zoho.suitea.LoginTest2#loginTest</h3><table class="result"><tr class="param"><th>Parameter #1</th></tr><tr class="param stripe"><td>{PasswordNameValid=Y, RunMode=Y, Password=Ishu@284128, UserName=bloggerdelhi123@gmail.com, UserNameValid=Y, Browser=chrome}</td></tr><tr><th>Exception</th></tr><tr><td><div class="stacktrace">org.openqa.selenium.remote.http.ConnectionFailedException: Unable to establish websocket connection to http://localhost:49171/devtools/browser/8e117205-e3f9-48a6-96ba-7acb3ef97118
Build info: version: &apos;4.0.0-alpha-5&apos;, revision: &apos;b3a0d621cc&apos;
System info: host: &apos;DESKTOP-HMKMG6M&apos;, ip: &apos;192.168.29.183&apos;, os.name: &apos;Windows 10&apos;, os.arch: &apos;amd64&apos;, os.version: &apos;10.0&apos;, java.version: &apos;17.0.3&apos;
Driver info: driver.version: ZohoDriver
	at org.openqa.selenium.remote.http.netty.NettyWebSocket.&lt;init&gt;(NettyWebSocket.java:89)
	at org.openqa.selenium.remote.http.netty.NettyWebSocket.lambda$create$3(NettyWebSocket.java:117)
	at org.openqa.selenium.remote.http.netty.NettyClient.openSocket(NettyClient.java:55)
	at org.openqa.selenium.devtools.Connection.&lt;init&gt;(Connection.java:61)
	at org.openqa.selenium.chromium.ChromiumDevToolsLocator.getChromeConnector(ChromiumDevToolsLocator.java:80)
	at org.openqa.selenium.chromium.ChromiumDriver.&lt;init&gt;(ChromiumDriver.java:82)
	at org.openqa.selenium.chrome.ChromeDriver.&lt;init&gt;(ChromeDriver.java:163)
	at org.openqa.selenium.chrome.ChromeDriver.&lt;init&gt;(ChromeDriver.java:150)
	at org.openqa.selenium.chrome.ChromeDriver.&lt;init&gt;(ChromeDriver.java:139)
	at com.zoho.web.ZohoDriver.OpenBrowser(ZohoDriver.java:54)
	at com.zoho.pages.normal.LaunchPage.OpenBrowser(LaunchPage.java:14)
	at com.zoho.suitea.LoginTest2.loginTest(LoginTest2.java:42)
	at java.base/java.util.ArrayList.forEach(ArrayList.java:1511)
... Removed 28 stack frames</div></td></tr></table><p class="totop"><a href="#summary">back to summary</a></p>
<h3 id="m4">com.zoho.suitea.LoginTest2#loginTest</h3><table class="result"><tr class="param"><th>Parameter #1</th></tr><tr class="param stripe"><td>{PasswordNameValid=N, RunMode=N, Password=xxxxx, UserName=bloggerdelhi123@gmail.com, UserNameValid=Y, Browser=chrome}</td></tr><tr><th>Exception</th></tr><tr><td><div class="stacktrace">org.testng.SkipException: skipping this test case in TestNG as RunMode is mentioned as - NO
	at com.zoho.suitea.LoginTest2.loginTest(LoginTest2.java:32)
	at java.base/java.util.ArrayList.forEach(ArrayList.java:1511)
... Removed 28 stack frames</div></td></tr></table><p class="totop"><a href="#summary">back to summary</a></p>
<h3 id="m5">com.zoho.suitea.LoginTest2#loginTest</h3><table class="result"><tr class="param"><th>Parameter #1</th></tr><tr class="param stripe"><td>{PasswordNameValid=, RunMode=N, Password=, UserName=xxxxxxx, UserNameValid=N, Browser=chrome}</td></tr><tr><th>Exception</th></tr><tr><td><div class="stacktrace">org.testng.SkipException: skipping this test case in TestNG as RunMode is mentioned as - NO
	at com.zoho.suitea.LoginTest2.loginTest(LoginTest2.java:32)
	at java.base/java.util.ArrayList.forEach(ArrayList.java:1511)
... Removed 28 stack frames</div></td></tr></table><p class="totop"><a href="#summary">back to summary</a></p>
<h2>loginTest3</h2><h3 id="m6">com.zoho.suiteb.LoginTest3#loginTest</h3><table class="result"><tr class="param"><th>Parameter #1</th></tr><tr class="param stripe"><td>{PasswordNameValid=Y, RunMode=Y, Password=Ishu@284128, UserName=bloggerdelhi123@gmail.com, UserNameValid=Y, Browser=chrome}</td></tr><tr><th>Exception</th></tr><tr><td><div class="stacktrace">org.openqa.selenium.remote.http.ConnectionFailedException: Unable to establish websocket connection to http://localhost:49189/devtools/browser/4b5e982d-a41f-4f49-b8e9-7d5b990cc304
Build info: version: &apos;4.0.0-alpha-5&apos;, revision: &apos;b3a0d621cc&apos;
System info: host: &apos;DESKTOP-HMKMG6M&apos;, ip: &apos;192.168.29.183&apos;, os.name: &apos;Windows 10&apos;, os.arch: &apos;amd64&apos;, os.version: &apos;10.0&apos;, java.version: &apos;17.0.3&apos;
Driver info: driver.version: ZohoDriver
	at org.openqa.selenium.remote.http.netty.NettyWebSocket.&lt;init&gt;(NettyWebSocket.java:89)
	at org.openqa.selenium.remote.http.netty.NettyWebSocket.lambda$create$3(NettyWebSocket.java:117)
	at org.openqa.selenium.remote.http.netty.NettyClient.openSocket(NettyClient.java:55)
	at org.openqa.selenium.devtools.Connection.&lt;init&gt;(Connection.java:61)
	at org.openqa.selenium.chromium.ChromiumDevToolsLocator.getChromeConnector(ChromiumDevToolsLocator.java:80)
	at org.openqa.selenium.chromium.ChromiumDriver.&lt;init&gt;(ChromiumDriver.java:82)
	at org.openqa.selenium.chrome.ChromeDriver.&lt;init&gt;(ChromeDriver.java:163)
	at org.openqa.selenium.chrome.ChromeDriver.&lt;init&gt;(ChromeDriver.java:150)
	at org.openqa.selenium.chrome.ChromeDriver.&lt;init&gt;(ChromeDriver.java:139)
	at com.zoho.web.ZohoDriver.OpenBrowser(ZohoDriver.java:54)
	at com.zoho.pages.normal.LaunchPage.OpenBrowser(LaunchPage.java:14)
	at com.zoho.suiteb.LoginTest3.loginTest(LoginTest3.java:36)
	at java.base/java.util.ArrayList.forEach(ArrayList.java:1511)
... Removed 28 stack frames</div></td></tr></table><p class="totop"><a href="#summary">back to summary</a></p>
<h3 id="m7">com.zoho.suiteb.LoginTest3#loginTest</h3><table class="result"><tr class="param"><th>Parameter #1</th></tr><tr class="param stripe"><td>{PasswordNameValid=, RunMode=N, Password=, UserName=xxxxxxx, UserNameValid=N, Browser=chrome}</td></tr><tr><th>Exception</th></tr><tr><td><div class="stacktrace">org.testng.SkipException: skipping this test case in TestNG as RunMode is mentioned as - NO
	at com.zoho.suiteb.LoginTest3.loginTest(LoginTest3.java:28)
	at java.base/java.util.ArrayList.forEach(ArrayList.java:1511)
... Removed 28 stack frames</div></td></tr></table><p class="totop"><a href="#summary">back to summary</a></p>
<h3 id="m8">com.zoho.suiteb.LoginTest3#loginTest</h3><table class="result"><tr class="param"><th>Parameter #1</th></tr><tr class="param stripe"><td>{PasswordNameValid=N, RunMode=N, Password=xxxxx, UserName=bloggerdelhi123@gmail.com, UserNameValid=Y, Browser=chrome}</td></tr><tr><th>Exception</th></tr><tr><td><div class="stacktrace">org.testng.SkipException: skipping this test case in TestNG as RunMode is mentioned as - NO
	at com.zoho.suiteb.LoginTest3.loginTest(LoginTest3.java:28)
	at java.base/java.util.ArrayList.forEach(ArrayList.java:1511)
... Removed 28 stack frames</div></td></tr></table><p class="totop"><a href="#summary">back to summary</a></p>
</body>
</html>
